DDvoice/build/outputs/logs/manifest-merger-debug-report.txt
-- Merging decision tree log ---
manifest
ADDED from src\main\AndroidManifest.xml:2:1-184:12
	xmlns:tools
		ADDED from src\main\AndroidManifest.xml:3:5-51
	xmlns:android
		ADDED from src\main\AndroidManifest.xml:2:11-69
	package
		ADDED from src\main\AndroidManifest.xml:4:5-34
		INJECTED from src\main\AndroidManifest.xml
		INJECTED from src\main\AndroidManifest.xml
	android:versionName
		ADDED from src\main\AndroidManifest.xml:6:5-30
		INJECTED from src\main\AndroidManifest.xml
		INJECTED from src\main\AndroidManifest.xml
	android:versionCode
		ADDED from src\main\AndroidManifest.xml:5:5-28
		INJECTED from src\main\AndroidManifest.xml
		INJECTED from src\main\AndroidManifest.xml
uses-sdk
ADDED from src\main\AndroidManifest.xml:8:5-12:10
MERGED from [com.android.support:appcompat-v7:20.0.0] AndroidManifest.xml:16:5-42
MERGED from [com.android.support:support-v4:22.2.1] AndroidManifest.xml:20:5-43
MERGED from [com.android.support:support-v4:22.2.1] AndroidManifest.xml:20:5-43
MERGED from [SonarVoice:MaterialDesign:unspecified] AndroidManifest.xml:7:5-9:41
MERGED from [com.android.support:support-v4:22.2.1] AndroidManifest.xml:20:5-43
MERGED from [com.github.traex.expandablelayout:library:1.2.2] AndroidManifest.xml:7:5-9:41
	android:targetSdkVersion
		ADDED from src\main\AndroidManifest.xml:10:9-38
		INJECTED from src\main\AndroidManifest.xml
		INJECTED from src\main\AndroidManifest.xml
	android:minSdkVersion
		ADDED from src\main\AndroidManifest.xml:9:9-35
		INJECTED from src\main\AndroidManifest.xml
		INJECTED from src\main\AndroidManifest.xml
	tools:overrideLibrary
		ADDED from src\main\AndroidManifest.xml:11:9-92
uses-permission#android.permission.INTERNET
ADDED from src\main\AndroidManifest.xml:15:2-63
	android:name
		ADDED from src\main\AndroidManifest.xml:15:19-61
uses-permission#android.permission.RECORD_AUDIO
ADDED from src\main\AndroidManifest.xml:17:2-67
	android:name
		ADDED from src\main\AndroidManifest.xml:17:19-65
uses-permission#android.permission.ACCESS_NETWORK_STATE
ADDED from src\main\AndroidManifest.xml:19:2-75
	android:name
		ADDED from src\main\AndroidManifest.xml:19:19-73
uses-permission#android.permission.ACCESS_WIFI_STATE
ADDED from src\main\AndroidManifest.xml:21:2-72
	android:name
		ADDED from src\main\AndroidManifest.xml:21:19-70
uses-permission#android.permission.CHANGE_NETWORK_STATE
ADDED from src\main\AndroidManifest.xml:23:2-75
	android:name
		ADDED from src\main\AndroidManifest.xml:23:19-73
uses-permission#android.permission.READ_PHONE_STATE
ADDED from src\main\AndroidManifest.xml:25:2-71
	android:name
		ADDED from src\main\AndroidManifest.xml:25:19-69
uses-permission#android.permission.READ_CONTACTS
ADDED from src\main\AndroidManifest.xml:27:2-68
	android:name
		ADDED from src\main\AndroidManifest.xml:27:19-66
uses-permission#android.permission.CALL_PHONE
ADDED from src\main\AndroidManifest.xml:29:5-69
	android:name
		ADDED from src\main\AndroidManifest.xml:29:22-66
uses-permission#android.permission.SEND_SMS
ADDED from src\main\AndroidManifest.xml:32:5-67
	android:name
		ADDED from src\main\AndroidManifest.xml:32:22-64
uses-permission#android.permission.WRITE_SMS
ADDED from src\main\AndroidManifest.xml:34:5-68
	android:name
		ADDED from src\main\AndroidManifest.xml:34:22-65
uses-permission#android.permission.READ_SMS
ADDED from src\main\AndroidManifest.xml:36:5-67
	android:name
		ADDED from src\main\AndroidManifest.xml:36:22-64
uses-permission#android.permission.ACCESS_FINE_LOCATION
ADDED from src\main\AndroidManifest.xml:38:5-79
	android:name
		ADDED from src\main\AndroidManifest.xml:38:22-76
uses-permission#com.android.alarm.permission.SET_ALARM
ADDED from src\main\AndroidManifest.xml:40:5-77
	android:name
		ADDED from src\main\AndroidManifest.xml:40:22-75
uses-permission#android.permission.WRITE_CONTACTS
ADDED from src\main\AndroidManifest.xml:42:5-90
	android:name
		ADDED from src\main\AndroidManifest.xml:42:22-70
uses-permission#android.permission.CHANGE_WIFI_STATE
ADDED from src\main\AndroidManifest.xml:44:5-76
	android:name
		ADDED from src\main\AndroidManifest.xml:44:22-73
uses-permission#android.permission.WRITE_SETTINGS
ADDED from src\main\AndroidManifest.xml:46:5-89
	android:name
		ADDED from src\main\AndroidManifest.xml:46:22-70
uses-permission#android.permission.WRITE_EXTERNAL_STORAGE
ADDED from src\main\AndroidManifest.xml:48:5-81
	android:name
		ADDED from src\main\AndroidManifest.xml:48:22-78
uses-permission#android.permission.VIBRATE
ADDED from src\main\AndroidManifest.xml:50:5-66
	android:name
		ADDED from src\main\AndroidManifest.xml:50:22-63
uses-permission#android.permission.MOUNT_UNMOUNT_FILESYSTEMS
ADDED from src\main\AndroidManifest.xml:54:5-83
	android:name
		ADDED from src\main\AndroidManifest.xml:54:22-81
uses-permission#android.permission.ACCESS_COARSE_LOCATION
ADDED from src\main\AndroidManifest.xml:55:5-56:23
	android:name
		ADDED from src\main\AndroidManifest.xml:55:22-78
uses-permission#android.permission.READ_LOGS
ADDED from src\main\AndroidManifest.xml:57:5-58:23
	android:name
		ADDED from src\main\AndroidManifest.xml:57:22-65
uses-permission#android.permission.WAKE_LOCK
ADDED from src\main\AndroidManifest.xml:60:5-68
	android:name
		ADDED from src\main\AndroidManifest.xml:60:22-65
application
ADDED from src\main\AndroidManifest.xml:63:5-182:19
MERGED from [com.android.support:appcompat-v7:20.0.0] AndroidManifest.xml:17:5-19
MERGED from [com.android.support:support-v4:22.2.1] AndroidManifest.xml:22:5-20
MERGED from [com.android.support:support-v4:22.2.1] AndroidManifest.xml:22:5-20
MERGED from [SonarVoice:MaterialDesign:unspecified] AndroidManifest.xml:11:5-14:19
MERGED from [com.android.support:support-v4:22.2.1] AndroidManifest.xml:22:5-20
MERGED from [com.github.traex.expandablelayout:library:1.2.2] AndroidManifest.xml:11:5-15:19
	android:label
		ADDED from src\main\AndroidManifest.xml:65:9-41
	android:allowBackup
		ADDED from src\main\AndroidManifest.xml:64:9-35
	android:icon
		ADDED from [com.github.traex.expandablelayout:library:1.2.2] AndroidManifest.xml:13:9-45
	android:name
		ADDED from src\main\AndroidManifest.xml:66:9-38
service#com.baidu.location.f
ADDED from src\main\AndroidManifest.xml:67:9-75:19
	android:process
		ADDED from src\main\AndroidManifest.xml:70:13-38
	android:enabled
		ADDED from src\main\AndroidManifest.xml:69:13-35
	android:name
		ADDED from src\main\AndroidManifest.xml:68:13-48
intent-filter#com.baidu.location.service_v2.2
ADDED from src\main\AndroidManifest.xml:71:13-74:29
action#com.baidu.location.service_v2.2
ADDED from src\main\AndroidManifest.xml:72:17-73:26
	android:name
		ADDED from src\main\AndroidManifest.xml:72:25-71
meta-data#com.baidu.lbsapi.API_KEY
ADDED from src\main\AndroidManifest.xml:76:9-78:64
	android:name
		ADDED from src\main\AndroidManifest.xml:77:13-52
	android:value
		ADDED from src\main\AndroidManifest.xml:78:13-61
activity#com.example.ddvoice.LoadingActivity
ADDED from src\main\AndroidManifest.xml:79:9-88:20
	android:screenOrientation
		ADDED from src\main\AndroidManifest.xml:82:13-49
	android:label
		ADDED from src\main\AndroidManifest.xml:81:13-45
	android:name
		ADDED from src\main\AndroidManifest.xml:80:13-63
intent-filter#android.intent.action.MAIN+android.intent.category.LAUNCHER
ADDED from src\main\AndroidManifest.xml:83:13-87:29
action#android.intent.action.MAIN
ADDED from src\main\AndroidManifest.xml:84:17-69
	android:name
		ADDED from src\main\AndroidManifest.xml:84:25-66
category#android.intent.category.LAUNCHER
ADDED from src\main\AndroidManifest.xml:86:17-77
	android:name
		ADDED from src\main\AndroidManifest.xml:86:27-74
activity#com.example.ddvoice.MainActivity
ADDED from src\main\AndroidManifest.xml:89:9-93:20
	android:label
		ADDED from src\main\AndroidManifest.xml:92:13-45
	android:configChanges
		ADDED from src\main\AndroidManifest.xml:91:13-74
	android:name
		ADDED from src\main\AndroidManifest.xml:90:13-41
activity#com.example.ddvoice.PhoneActivity
ADDED from src\main\AndroidManifest.xml:94:9-102:20
	android:label
		ADDED from src\main\AndroidManifest.xml:96:13-32
	android:name
		ADDED from src\main\AndroidManifest.xml:95:13-42
intent-filter#android.intent.action.PhoneActivity+android.intent.category.DEFAULT
ADDED from src\main\AndroidManifest.xml:97:13-101:29
action#android.intent.action.PhoneActivity
ADDED from src\main\AndroidManifest.xml:98:17-78
	android:name
		ADDED from src\main\AndroidManifest.xml:98:25-75
category#android.intent.category.DEFAULT
ADDED from src\main\AndroidManifest.xml:100:17-76
	android:name
		ADDED from src\main\AndroidManifest.xml:100:27-73
activity#com.example.ddvoice.PhoneCallActivity
ADDED from src\main\AndroidManifest.xml:103:9-111:20
	android:label
		ADDED from src\main\AndroidManifest.xml:105:13-32
	android:name
		ADDED from src\main\AndroidManifest.xml:104:13-46
intent-filter#android.intent.action.PhoneCallActivity+android.intent.category.DEFAULT
ADDED from src\main\AndroidManifest.xml:106:13-110:29
action#android.intent.action.PhoneCallActivity
ADDED from src\main\AndroidManifest.xml:107:17-82
	android:name
		ADDED from src\main\AndroidManifest.xml:107:25-79
activity#com.example.ddvoice.MassegeActivity
ADDED from src\main\AndroidManifest.xml:112:9-120:20
	android:label
		ADDED from src\main\AndroidManifest.xml:114:13-32
	android:name
		ADDED from src\main\AndroidManifest.xml:113:13-44
intent-filter#android.intent.action.MassegeActivity+android.intent.category.DEFAULT
ADDED from src\main\AndroidManifest.xml:115:13-119:29
action#android.intent.action.MassegeActivity
ADDED from src\main\AndroidManifest.xml:116:17-80
	android:name
		ADDED from src\main\AndroidManifest.xml:116:25-77
activity#com.example.ddvoice.MassageEditActivity
ADDED from src\main\AndroidManifest.xml:121:9-129:20
	android:label
		ADDED from src\main\AndroidManifest.xml:123:13-32
	android:name
		ADDED from src\main\AndroidManifest.xml:122:13-48
intent-filter#android.intent.action.MassegeEditActivity+android.intent.category.DEFAULT
ADDED from src\main\AndroidManifest.xml:124:13-128:29
action#android.intent.action.MassegeEditActivity
ADDED from src\main\AndroidManifest.xml:125:17-84
	android:name
		ADDED from src\main\AndroidManifest.xml:125:25-81
activity#com.example.ddvoice.WeatherActivity
ADDED from src\main\AndroidManifest.xml:131:9-139:20
	android:label
		ADDED from src\main\AndroidManifest.xml:133:13-33
	android:name
		ADDED from src\main\AndroidManifest.xml:132:13-44
intent-filter#android.intent.action.WeatherActivity+android.intent.category.DEFAULT
ADDED from src\main\AndroidManifest.xml:134:13-138:29
action#android.intent.action.WeatherActivity
ADDED from src\main\AndroidManifest.xml:135:17-80
	android:name
		ADDED from src\main\AndroidManifest.xml:135:25-77
activity#com.example.ddvoice.AlarmClockMainActivity
ADDED from src\main\AndroidManifest.xml:140:9-148:20
	android:label
		ADDED from src\main\AndroidManifest.xml:142:13-32
	android:name
		ADDED from src\main\AndroidManifest.xml:141:13-51
intent-filter#android.intent.action.AlarmClockMainActivity+android.intent.category.DEFAULT
ADDED from src\main\AndroidManifest.xml:143:13-147:29
action#android.intent.action.AlarmClockMainActivity
ADDED from src\main\AndroidManifest.xml:144:17-87
	android:name
		ADDED from src\main\AndroidManifest.xml:144:25-84
activity#com.example.ddvoice.AlarmClockSettingActivity
ADDED from src\main\AndroidManifest.xml:149:9-157:20
	android:label
		ADDED from src\main\AndroidManifest.xml:151:13-33
	android:name
		ADDED from src\main\AndroidManifest.xml:150:13-54
intent-filter#android.intent.action.AlarmClockSettingActivity+android.intent.category.DEFAULT
ADDED from src\main\AndroidManifest.xml:152:13-156:29
action#android.intent.action.AlarmClockSettingActivity
ADDED from src\main\AndroidManifest.xml:153:17-90
	android:name
		ADDED from src\main\AndroidManifest.xml:153:25-87
activity#com.example.ddvoice.AlarmActivity
ADDED from src\main\AndroidManifest.xml:158:9-70
	android:name
		ADDED from src\main\AndroidManifest.xml:158:19-67
receiver#com.example.ddvoice.AlarmReceiver
ADDED from src\main\AndroidManifest.xml:160:9-95
	android:process
		ADDED from src\main\AndroidManifest.xml:160:68-93
	android:name
		ADDED from src\main\AndroidManifest.xml:160:19-67
activity#com.example.ddvoice.NewsActivity
ADDED from src\main\AndroidManifest.xml:162:9-166:20
	android:screenOrientation
		ADDED from src\main\AndroidManifest.xml:165:13-49
	android:label
		ADDED from src\main\AndroidManifest.xml:164:13-45
	android:name
		ADDED from src\main\AndroidManifest.xml:163:13-60
activity#com.example.ddvoice.ui.SwitchActivity
ADDED from src\main\AndroidManifest.xml:167:9-171:20
	android:screenOrientation
		ADDED from src\main\AndroidManifest.xml:170:13-49
	android:label
		ADDED from src\main\AndroidManifest.xml:169:13-45
	android:name
		ADDED from src\main\AndroidManifest.xml:168:13-65
activity#com.example.ddvoice.ui.ProgressActivity
ADDED from src\main\AndroidManifest.xml:172:9-176:20
	android:screenOrientation
		ADDED from src\main\AndroidManifest.xml:175:13-49
	android:label
		ADDED from src\main\AndroidManifest.xml:174:13-45
	android:name
		ADDED from src\main\AndroidManifest.xml:173:13-67
activity#com.example.ddvoice.ui.WidgetActivity
ADDED from src\main\AndroidManifest.xml:177:9-181:20
	android:screenOrientation
		ADDED from src\main\AndroidManifest.xml:180:13-49
	android:label
		ADDED from src\main\AndroidManifest.xml:179:13-45
	android:name
		ADDED from src\main\AndroidManifest.xml:178:13-65